# JRE version: Java(TM) SE Runtime Environment (7.0_80-b15) (build 1.7.0_80-b15)
# Java VM: Java HotSpot(TM) 64-Bit Server VM (24.80-b11 mixed mode windows-amd64 compressed oops)
Heap
 PSYoungGen      total 38400K, used 1997K [0x00000007d5e00000, 0x00000007da480000, 0x0000000800000000)
  eden space 33280K, 6% used [0x00000007d5e00000,0x00000007d5ff34a8,0x00000007d7e80000)
  from space 5120K, 0% used [0x00000007d7e80000,0x00000007d7e80000,0x00000007d8380000)
  to   space 5120K, 0% used [0x00000007d9f80000,0x00000007d9f80000,0x00000007da480000)
 ParOldGen       total 86016K, used 4361K [0x0000000781a00000, 0x0000000786e00000, 0x00000007d5e00000)
  object space 86016K, 5% used [0x0000000781a00000,0x0000000781e426d8,0x0000000786e00000)
 PSPermGen       total 21504K, used 20990K [0x000000077c800000, 0x000000077dd00000, 0x0000000781a00000)
  object space 21504K, 97% used [0x000000077c800000,0x000000077dc7fb70,0x000000077dd00000)
GC Heap History (8 events):
Event: 0.534 GC heap before
{Heap before GC invocations=1 (full 0):
 PSYoungGen      total 38400K, used 33280K [0x00000007d5e00000, 0x00000007d8880000, 0x0000000800000000)
  eden space 33280K, 100% used [0x00000007d5e00000,0x00000007d7e80000,0x00000007d7e80000)
  from space 5120K, 0% used [0x00000007d8380000,0x00000007d8380000,0x00000007d8880000)
  to   space 5120K, 0% used [0x00000007d7e80000,0x00000007d7e80000,0x00000007d8380000)
 ParOldGen       total 86016K, used 0K [0x0000000781a00000, 0x0000000786e00000, 0x00000007d5e00000)
  object space 86016K, 0% used [0x0000000781a00000,0x0000000781a00000,0x0000000786e00000)
 PSPermGen       total 21504K, used 9770K [0x000000077c800000, 0x000000077dd00000, 0x0000000781a00000)
  object space 21504K, 45% used [0x000000077c800000,0x000000077d18a828,0x000000077dd00000)
Event: 0.539 GC heap after
Heap after GC invocations=1 (full 0):
 PSYoungGen      total 38400K, used 4575K [0x00000007d5e00000, 0x00000007da900000, 0x0000000800000000)
  eden space 33280K, 0% used [0x00000007d5e00000,0x00000007d5e00000,0x00000007d7e80000)
  from space 5120K, 89% used [0x00000007d7e80000,0x00000007d82f7e50,0x00000007d8380000)
  to   space 5120K, 0% used [0x00000007da400000,0x00000007da400000,0x00000007da900000)
 ParOldGen       total 86016K, used 8K [0x0000000781a00000, 0x0000000786e00000, 0x00000007d5e00000)
  object space 86016K, 0% used [0x0000000781a00000,0x0000000781a02000,0x0000000786e00000)
 PSPermGen       total 21504K, used 9770K [0x000000077c800000, 0x000000077dd00000, 0x0000000781a00000)
  object space 21504K, 45% used [0x000000077c800000,0x000000077d18a828,0x000000077dd00000)
}
Event: 3907.999 GC heap before
{Heap before GC invocations=2 (full 0):
 PSYoungGen      total 38400K, used 37855K [0x00000007d5e00000, 0x00000007da900000, 0x0000000800000000)
  eden space 33280K, 100% used [0x00000007d5e00000,0x00000007d7e80000,0x00000007d7e80000)
  from space 5120K, 89% used [0x00000007d7e80000,0x00000007d82f7e50,0x00000007d8380000)
  to   space 5120K, 0% used [0x00000007da400000,0x00000007da400000,0x00000007da900000)
 ParOldGen       total 86016K, used 8K [0x0000000781a00000, 0x0000000786e00000, 0x00000007d5e00000)
  object space 86016K, 0% used [0x0000000781a00000,0x0000000781a02000,0x0000000786e00000)
 PSPermGen       total 21504K, used 18238K [0x000000077c800000, 0x000000077dd00000, 0x0000000781a00000)
  object space 21504K, 84% used [0x000000077c800000,0x000000077d9cfb30,0x000000077dd00000)
Event: 3908.095 GC heap after
Heap after GC invocations=2 (full 0):
 PSYoungGen      total 38400K, used 5088K [0x00000007d5e00000, 0x00000007da900000, 0x0000000800000000)
  eden space 33280K, 0% used [0x00000007d5e00000,0x00000007d5e00000,0x00000007d7e80000)
  from space 5120K, 99% used [0x00000007da400000,0x00000007da8f8278,0x00000007da900000)
  to   space 5120K, 0% used [0x00000007d7e80000,0x00000007d7e80000,0x00000007d8380000)
 ParOldGen       total 86016K, used 3694K [0x0000000781a00000, 0x0000000786e00000, 0x00000007d5e00000)
  object space 86016K, 4% used [0x0000000781a00000,0x0000000781d9b800,0x0000000786e00000)
 PSPermGen       total 21504K, used 18238K [0x000000077c800000, 0x000000077dd00000, 0x0000000781a00000)
  object space 21504K, 84% used [0x000000077c800000,0x000000077d9cfb30,0x000000077dd00000)
}
Event: 3940.385 GC heap before
{Heap before GC invocations=3 (full 0):
 PSYoungGen      total 38400K, used 13897K [0x00000007d5e00000, 0x00000007da900000, 0x0000000800000000)
  eden space 33280K, 26% used [0x00000007d5e00000,0x00000007d669a550,0x00000007d7e80000)
  from space 5120K, 99% used [0x00000007da400000,0x00000007da8f8278,0x00000007da900000)
  to   space 5120K, 0% used [0x00000007d7e80000,0x00000007d7e80000,0x00000007d8380000)
 ParOldGen       total 86016K, used 3694K [0x0000000781a00000, 0x0000000786e00000, 0x00000007d5e00000)
  object space 86016K, 4% used [0x0000000781a00000,0x0000000781d9b800,0x0000000786e00000)
 PSPermGen       total 21504K, used 20852K [0x000000077c800000, 0x000000077dd00000, 0x0000000781a00000)
  object space 21504K, 96% used [0x000000077c800000,0x000000077dc5d0c8,0x000000077dd00000)
Event: 3940.398 GC heap after
Heap after GC invocations=3 (full 0):
 PSYoungGen      total 38400K, used 4559K [0x00000007d5e00000, 0x00000007da480000, 0x0000000800000000)
  eden space 33280K, 0% used [0x00000007d5e00000,0x00000007d5e00000,0x00000007d7e80000)
  from space 5120K, 89% used [0x00000007d7e80000,0x00000007d82f3ca0,0x00000007d8380000)
  to   space 5120K, 0% used [0x00000007d9f80000,0x00000007d9f80000,0x00000007da480000)
 ParOldGen       total 86016K, used 3702K [0x0000000781a00000, 0x0000000786e00000, 0x00000007d5e00000)
  object space 86016K, 4% used [0x0000000781a00000,0x0000000781d9d800,0x0000000786e00000)
 PSPermGen       total 21504K, used 20852K [0x000000077c800000, 0x000000077dd00000, 0x0000000781a00000)
  object space 21504K, 96% used [0x000000077c800000,0x000000077dc5d0c8,0x000000077dd00000)
}
Event: 3940.398 GC heap before
{Heap before GC invocations=4 (full 1):
 PSYoungGen      total 38400K, used 4559K [0x00000007d5e00000, 0x00000007da480000, 0x0000000800000000)
  eden space 33280K, 0% used [0x00000007d5e00000,0x00000007d5e00000,0x00000007d7e80000)
  from space 5120K, 89% used [0x00000007d7e80000,0x00000007d82f3ca0,0x00000007d8380000)
  to   space 5120K, 0% used [0x00000007d9f80000,0x00000007d9f80000,0x00000007da480000)
 ParOldGen       total 86016K, used 3702K [0x0000000781a00000, 0x0000000786e00000, 0x00000007d5e00000)
  object space 86016K, 4% used [0x0000000781a00000,0x0000000781d9d800,0x0000000786e00000)
 PSPermGen       total 21504K, used 20852K [0x000000077c800000, 0x000000077dd00000, 0x0000000781a00000)
  object space 21504K, 96% used [0x000000077c800000,0x000000077dc5d0c8,0x000000077dd00000)
Event: 3940.498 GC heap after
Heap after GC invocations=4 (full 1):
 PSYoungGen      total 38400K, used 0K [0x00000007d5e00000, 0x00000007da480000, 0x0000000800000000)
  eden space 33280K, 0% used [0x00000007d5e00000,0x00000007d5e00000,0x00000007d7e80000)
  from space 5120K, 0% used [0x00000007d7e80000,0x00000007d7e80000,0x00000007d8380000)
  to   space 5120K, 0% used [0x00000007d9f80000,0x00000007d9f80000,0x00000007da480000)
 ParOldGen       total 86016K, used 4361K [0x0000000781a00000, 0x0000000786e00000, 0x00000007d5e00000)
  object space 86016K, 5% used [0x0000000781a00000,0x0000000781e426d8,0x0000000786e00000)
 PSPermGen       total 21504K, used 20841K [0x000000077c800000, 0x000000077dd00000, 0x0000000781a00000)
  object space 21504K, 96% used [0x000000077c800000,0x000000077dc5a718,0x000000077dd00000)
}

